F:\项目\实验配套文档\图像处理实验（基于KINECT设备）\骨骼+动作识别\KINECTGESTURE\KINECTDEMO\DEBUG\KINECTDEMO.PCH
F:\项目\实验配套文档\图像处理实验（基于KINECT设备）\骨骼+动作识别\KINECTGESTURE\KINECTDEMO\DEBUG\STDAFX.OBJ
F:\项目\实验配套文档\图像处理实验（基于KINECT设备）\骨骼+动作识别\KINECTGESTURE\KINECTDEMO\DEBUG\VC110.PDB
F:\项目\实验配套文档\图像处理实验（基于KINECT设备）\骨骼+动作识别\KINECTGESTURE\KINECTDEMO\DEBUG\IMAGERENDERER.OBJ
F:\项目\实验配套文档\图像处理实验（基于KINECT设备）\骨骼+动作识别\KINECTGESTURE\KINECTDEMO\DEBUG\BODYRENDERER.OBJ
F:\项目\实验配套文档\图像处理实验（基于KINECT设备）\骨骼+动作识别\KINECTGESTURE\KINECTDEMO\DEBUG\GESTURE.OBJ
F:\项目\实验配套文档\图像处理实验（基于KINECT设备）\骨骼+动作识别\KINECTGESTURE\KINECTDEMO\DEBUG\GESTUREDETECTION.OBJ
F:\项目\实验配套文档\图像处理实验（基于KINECT设备）\骨骼+动作识别\KINECTGESTURE\KINECTDEMO\DEBUG\GESTUREWRAPPER.OBJ
F:\项目\实验配套文档\图像处理实验（基于KINECT设备）\骨骼+动作识别\KINECTGESTURE\KINECTDEMO\DEBUG\KINECTBODY.OBJ
F:\项目\实验配套文档\图像处理实验（基于KINECT设备）\骨骼+动作识别\KINECTGESTURE\KINECTDEMO\DEBUG\KINECTDEMO.OBJ
F:\项目\实验配套文档\图像处理实验（基于KINECT设备）\骨骼+动作识别\KINECTGESTURE\KINECTDEMO\DEBUG\KINECTDEVICE.OBJ
F:\项目\实验配套文档\图像处理实验（基于KINECT设备）\骨骼+动作识别\KINECTGESTURE\KINECTDEMO\DEBUG\SWIPELEFTGESTURE.OBJ
F:\项目\实验配套文档\图像处理实验（基于KINECT设备）\骨骼+动作识别\KINECTGESTURE\KINECTDEMO\DEBUG\SWIPERIGHTGESTURE.OBJ
F:\项目\实验配套文档\图像处理实验（基于KINECT设备）\骨骼+动作识别\KINECTGESTURE\DEBUG\KINECTDEMO.ILK
F:\项目\实验配套文档\图像处理实验（基于KINECT设备）\骨骼+动作识别\KINECTGESTURE\DEBUG\KINECTDEMO.EXE
F:\项目\实验配套文档\图像处理实验（基于KINECT设备）\骨骼+动作识别\KINECTGESTURE\DEBUG\KINECTDEMO.PDB
F:\项目\实验配套文档\图像处理实验（基于KINECT设备）\骨骼+动作识别\KINECTGESTURE\KINECTDEMO\DEBUG\KINECTDEMO.RES
F:\项目\实验配套文档\图像处理实验（基于Kinect设备）\骨骼+动作识别\KinectGesture\KinectDemo\Debug\BodyRenderer.obj
F:\项目\实验配套文档\图像处理实验（基于Kinect设备）\骨骼+动作识别\KinectGesture\KinectDemo\Debug\Gesture.obj
F:\项目\实验配套文档\图像处理实验（基于Kinect设备）\骨骼+动作识别\KinectGesture\KinectDemo\Debug\GestureDetection.obj
F:\项目\实验配套文档\图像处理实验（基于Kinect设备）\骨骼+动作识别\KinectGesture\KinectDemo\Debug\GestureWrapper.obj
F:\项目\实验配套文档\图像处理实验（基于Kinect设备）\骨骼+动作识别\KinectGesture\KinectDemo\Debug\ImageRenderer.obj
F:\项目\实验配套文档\图像处理实验（基于Kinect设备）\骨骼+动作识别\KinectGesture\KinectDemo\Debug\KinectBody.obj
F:\项目\实验配套文档\图像处理实验（基于Kinect设备）\骨骼+动作识别\KinectGesture\KinectDemo\Debug\KinectDemo.obj
F:\项目\实验配套文档\图像处理实验（基于Kinect设备）\骨骼+动作识别\KinectGesture\KinectDemo\Debug\KinectDevice.obj
F:\项目\实验配套文档\图像处理实验（基于Kinect设备）\骨骼+动作识别\KinectGesture\KinectDemo\Debug\stdafx.obj
F:\项目\实验配套文档\图像处理实验（基于Kinect设备）\骨骼+动作识别\KinectGesture\KinectDemo\Debug\SwipeLeftGesture.obj
F:\项目\实验配套文档\图像处理实验（基于Kinect设备）\骨骼+动作识别\KinectGesture\KinectDemo\Debug\SwipeRightGesture.obj
F:\项目\实验配套文档\图像处理实验（基于Kinect设备）\骨骼+动作识别\KinectGesture\KinectDemo\Debug\cl.command.1.tlog
F:\项目\实验配套文档\图像处理实验（基于Kinect设备）\骨骼+动作识别\KinectGesture\KinectDemo\Debug\CL.read.1.tlog
F:\项目\实验配套文档\图像处理实验（基于Kinect设备）\骨骼+动作识别\KinectGesture\KinectDemo\Debug\CL.write.1.tlog
F:\项目\实验配套文档\图像处理实验（基于Kinect设备）\骨骼+动作识别\KinectGesture\KinectDemo\Debug\link-cvtres.read.1.tlog
F:\项目\实验配套文档\图像处理实验（基于Kinect设备）\骨骼+动作识别\KinectGesture\KinectDemo\Debug\link-cvtres.write.1.tlog
F:\项目\实验配套文档\图像处理实验（基于Kinect设备）\骨骼+动作识别\KinectGesture\KinectDemo\Debug\link-rc.read.1.tlog
F:\项目\实验配套文档\图像处理实验（基于Kinect设备）\骨骼+动作识别\KinectGesture\KinectDemo\Debug\link-rc.write.1.tlog
F:\项目\实验配套文档\图像处理实验（基于Kinect设备）\骨骼+动作识别\KinectGesture\KinectDemo\Debug\link.command.1.tlog
F:\项目\实验配套文档\图像处理实验（基于Kinect设备）\骨骼+动作识别\KinectGesture\KinectDemo\Debug\link.read.1.tlog
F:\项目\实验配套文档\图像处理实验（基于Kinect设备）\骨骼+动作识别\KinectGesture\KinectDemo\Debug\link.write.1.tlog
F:\项目\实验配套文档\图像处理实验（基于Kinect设备）\骨骼+动作识别\KinectGesture\KinectDemo\Debug\rc.command.1.tlog
F:\项目\实验配套文档\图像处理实验（基于Kinect设备）\骨骼+动作识别\KinectGesture\KinectDemo\Debug\rc.read.1.tlog
F:\项目\实验配套文档\图像处理实验（基于Kinect设备）\骨骼+动作识别\KinectGesture\KinectDemo\Debug\rc.write.1.tlog
F:\项目\实验配套文档\图像处理实验（基于Kinect设备）\骨骼+动作识别\KinectGesture\KinectDemo\Debug\KinectDemo.res
F:\项目\实验配套文档\图像处理实验（基于Kinect设备）\骨骼+动作识别\KinectGesture\KinectDemo\Debug\KinectDemo.pch
F:\项目\实验配套文档\图像处理实验（基于Kinect设备）\骨骼+动作识别\KinectGesture\KinectDemo\Debug\vc110.idb
F:\项目\实验配套文档\图像处理实验（基于Kinect设备）\骨骼+动作识别\KinectGesture\KinectDemo\Debug\vc110.pdb
F:\项目\实验配套文档\图像处理实验（基于Kinect设备）\骨骼+动作识别\KinectGesture\Debug\KinectDemo.pdb
F:\项目\实验配套文档\图像处理实验（基于Kinect设备）\骨骼+动作识别\KinectGesture\Debug\KinectDemo.exe
F:\项目\实验配套文档\图像处理实验（基于Kinect设备）\骨骼+动作识别\KinectGesture\Debug\KinectDemo.ilk
