F:\项目\实验配套文档\RBT实验文档\RBT基础实验\KINECT\2. 人体骨骼及动作识别\完整源码\KINECTGESTURE\KINECTDEMO\DEBUG\KINECTGESTURE.PCH
F:\项目\实验配套文档\RBT实验文档\RBT基础实验\KINECT\2. 人体骨骼及动作识别\完整源码\KINECTGESTURE\KINECTDEMO\DEBUG\STDAFX.OBJ
F:\项目\实验配套文档\RBT实验文档\RBT基础实验\KINECT\2. 人体骨骼及动作识别\完整源码\KINECTGESTURE\KINECTDEMO\DEBUG\VC110.PDB
F:\项目\实验配套文档\RBT实验文档\RBT基础实验\KINECT\2. 人体骨骼及动作识别\完整源码\KINECTGESTURE\KINECTDEMO\DEBUG\BODYRENDERER.OBJ
F:\项目\实验配套文档\RBT实验文档\RBT基础实验\KINECT\2. 人体骨骼及动作识别\完整源码\KINECTGESTURE\KINECTDEMO\DEBUG\GESTURE.OBJ
F:\项目\实验配套文档\RBT实验文档\RBT基础实验\KINECT\2. 人体骨骼及动作识别\完整源码\KINECTGESTURE\KINECTDEMO\DEBUG\GESTUREDETECTION.OBJ
F:\项目\实验配套文档\RBT实验文档\RBT基础实验\KINECT\2. 人体骨骼及动作识别\完整源码\KINECTGESTURE\KINECTDEMO\DEBUG\GESTUREWRAPPER.OBJ
F:\项目\实验配套文档\RBT实验文档\RBT基础实验\KINECT\2. 人体骨骼及动作识别\完整源码\KINECTGESTURE\KINECTDEMO\DEBUG\IMAGERENDERER.OBJ
F:\项目\实验配套文档\RBT实验文档\RBT基础实验\KINECT\2. 人体骨骼及动作识别\完整源码\KINECTGESTURE\KINECTDEMO\DEBUG\KINECTBODY.OBJ
F:\项目\实验配套文档\RBT实验文档\RBT基础实验\KINECT\2. 人体骨骼及动作识别\完整源码\KINECTGESTURE\KINECTDEMO\DEBUG\KINECTDEMO.OBJ
F:\项目\实验配套文档\RBT实验文档\RBT基础实验\KINECT\2. 人体骨骼及动作识别\完整源码\KINECTGESTURE\KINECTDEMO\DEBUG\KINECTDEVICE.OBJ
F:\项目\实验配套文档\RBT实验文档\RBT基础实验\KINECT\2. 人体骨骼及动作识别\完整源码\KINECTGESTURE\KINECTDEMO\DEBUG\SWIPELEFTGESTURE.OBJ
F:\项目\实验配套文档\RBT实验文档\RBT基础实验\KINECT\2. 人体骨骼及动作识别\完整源码\KINECTGESTURE\KINECTDEMO\DEBUG\SWIPERIGHTGESTURE.OBJ
F:\项目\实验配套文档\RBT实验文档\RBT基础实验\KINECT\2. 人体骨骼及动作识别\完整源码\KINECTGESTURE\DEBUG\KINECTGESTURE.ILK
F:\项目\实验配套文档\RBT实验文档\RBT基础实验\KINECT\2. 人体骨骼及动作识别\完整源码\KINECTGESTURE\DEBUG\KINECTGESTURE.EXE
F:\项目\实验配套文档\RBT实验文档\RBT基础实验\KINECT\2. 人体骨骼及动作识别\完整源码\KINECTGESTURE\DEBUG\KINECTGESTURE.PDB
F:\项目\实验配套文档\RBT实验文档\RBT基础实验\KINECT\2. 人体骨骼及动作识别\完整源码\KINECTGESTURE\KINECTDEMO\DEBUG\KINECTDEMO.RES
F:\项目\实验配套文档\RBT实验文档\RBT基础实验\Kinect\2. 人体骨骼及动作识别\完整源码\KinectGesture\KinectDemo\Debug\BodyRenderer.obj
F:\项目\实验配套文档\RBT实验文档\RBT基础实验\Kinect\2. 人体骨骼及动作识别\完整源码\KinectGesture\KinectDemo\Debug\Gesture.obj
F:\项目\实验配套文档\RBT实验文档\RBT基础实验\Kinect\2. 人体骨骼及动作识别\完整源码\KinectGesture\KinectDemo\Debug\GestureDetection.obj
F:\项目\实验配套文档\RBT实验文档\RBT基础实验\Kinect\2. 人体骨骼及动作识别\完整源码\KinectGesture\KinectDemo\Debug\GestureWrapper.obj
F:\项目\实验配套文档\RBT实验文档\RBT基础实验\Kinect\2. 人体骨骼及动作识别\完整源码\KinectGesture\KinectDemo\Debug\ImageRenderer.obj
F:\项目\实验配套文档\RBT实验文档\RBT基础实验\Kinect\2. 人体骨骼及动作识别\完整源码\KinectGesture\KinectDemo\Debug\KinectBody.obj
F:\项目\实验配套文档\RBT实验文档\RBT基础实验\Kinect\2. 人体骨骼及动作识别\完整源码\KinectGesture\KinectDemo\Debug\KinectDemo.obj
F:\项目\实验配套文档\RBT实验文档\RBT基础实验\Kinect\2. 人体骨骼及动作识别\完整源码\KinectGesture\KinectDemo\Debug\KinectDevice.obj
F:\项目\实验配套文档\RBT实验文档\RBT基础实验\Kinect\2. 人体骨骼及动作识别\完整源码\KinectGesture\KinectDemo\Debug\stdafx.obj
F:\项目\实验配套文档\RBT实验文档\RBT基础实验\Kinect\2. 人体骨骼及动作识别\完整源码\KinectGesture\KinectDemo\Debug\SwipeLeftGesture.obj
F:\项目\实验配套文档\RBT实验文档\RBT基础实验\Kinect\2. 人体骨骼及动作识别\完整源码\KinectGesture\KinectDemo\Debug\SwipeRightGesture.obj
F:\项目\实验配套文档\RBT实验文档\RBT基础实验\Kinect\2. 人体骨骼及动作识别\完整源码\KinectGesture\KinectDemo\Debug\cl.command.1.tlog
F:\项目\实验配套文档\RBT实验文档\RBT基础实验\Kinect\2. 人体骨骼及动作识别\完整源码\KinectGesture\KinectDemo\Debug\CL.read.1.tlog
F:\项目\实验配套文档\RBT实验文档\RBT基础实验\Kinect\2. 人体骨骼及动作识别\完整源码\KinectGesture\KinectDemo\Debug\CL.write.1.tlog
F:\项目\实验配套文档\RBT实验文档\RBT基础实验\Kinect\2. 人体骨骼及动作识别\完整源码\KinectGesture\KinectDemo\Debug\link-cvtres.read.1.tlog
F:\项目\实验配套文档\RBT实验文档\RBT基础实验\Kinect\2. 人体骨骼及动作识别\完整源码\KinectGesture\KinectDemo\Debug\link-cvtres.write.1.tlog
F:\项目\实验配套文档\RBT实验文档\RBT基础实验\Kinect\2. 人体骨骼及动作识别\完整源码\KinectGesture\KinectDemo\Debug\link-rc.read.1.tlog
F:\项目\实验配套文档\RBT实验文档\RBT基础实验\Kinect\2. 人体骨骼及动作识别\完整源码\KinectGesture\KinectDemo\Debug\link-rc.write.1.tlog
F:\项目\实验配套文档\RBT实验文档\RBT基础实验\Kinect\2. 人体骨骼及动作识别\完整源码\KinectGesture\KinectDemo\Debug\link.command.1.tlog
F:\项目\实验配套文档\RBT实验文档\RBT基础实验\Kinect\2. 人体骨骼及动作识别\完整源码\KinectGesture\KinectDemo\Debug\link.read.1.tlog
F:\项目\实验配套文档\RBT实验文档\RBT基础实验\Kinect\2. 人体骨骼及动作识别\完整源码\KinectGesture\KinectDemo\Debug\link.write.1.tlog
F:\项目\实验配套文档\RBT实验文档\RBT基础实验\Kinect\2. 人体骨骼及动作识别\完整源码\KinectGesture\KinectDemo\Debug\rc.command.1.tlog
F:\项目\实验配套文档\RBT实验文档\RBT基础实验\Kinect\2. 人体骨骼及动作识别\完整源码\KinectGesture\KinectDemo\Debug\rc.read.1.tlog
F:\项目\实验配套文档\RBT实验文档\RBT基础实验\Kinect\2. 人体骨骼及动作识别\完整源码\KinectGesture\KinectDemo\Debug\rc.write.1.tlog
F:\项目\实验配套文档\RBT实验文档\RBT基础实验\Kinect\2. 人体骨骼及动作识别\完整源码\KinectGesture\KinectDemo\Debug\KinectDemo.res
F:\项目\实验配套文档\RBT实验文档\RBT基础实验\Kinect\2. 人体骨骼及动作识别\完整源码\KinectGesture\KinectDemo\Debug\KinectGesture.pch
F:\项目\实验配套文档\RBT实验文档\RBT基础实验\Kinect\2. 人体骨骼及动作识别\完整源码\KinectGesture\KinectDemo\Debug\vc110.idb
F:\项目\实验配套文档\RBT实验文档\RBT基础实验\Kinect\2. 人体骨骼及动作识别\完整源码\KinectGesture\KinectDemo\Debug\vc110.pdb
F:\项目\实验配套文档\RBT实验文档\RBT基础实验\Kinect\2. 人体骨骼及动作识别\完整源码\KinectGesture\Debug\KinectGesture.pdb
F:\项目\实验配套文档\RBT实验文档\RBT基础实验\Kinect\2. 人体骨骼及动作识别\完整源码\KinectGesture\Debug\KinectGesture.exe
F:\项目\实验配套文档\RBT实验文档\RBT基础实验\Kinect\2. 人体骨骼及动作识别\完整源码\KinectGesture\Debug\KinectGesture.ilk
